{"D:\\Development\\NodeJS\\ai-interaction-hub\\modules\\appLifecycle.js": {"path":"D:\\Development\\NodeJS\\ai-interaction-hub\\modules\\appLifecycle.js","statementMap":{"0":{"start":{"line":2,"column":16},"end":{"line":2,"column":35}},"1":{"start":{"line":4,"column":16},"end":{"line":4,"column":21}},"2":{"start":{"line":5,"column":27},"end":{"line":5,"column":31}},"3":{"start":{"line":6,"column":30},"end":{"line":6,"column":34}},"4":{"start":{"line":10,"column":2},"end":{"line":12,"column":3}},"5":{"start":{"line":11,"column":4},"end":{"line":11,"column":104}},"6":{"start":{"line":13,"column":2},"end":{"line":13,"column":39}},"7":{"start":{"line":14,"column":2},"end":{"line":14,"column":40}},"8":{"start":{"line":18,"column":2},"end":{"line":22,"column":5}},"9":{"start":{"line":19,"column":4},"end":{"line":21,"column":5}},"10":{"start":{"line":20,"column":6},"end":{"line":20,"column":25}},"11":{"start":{"line":25,"column":2},"end":{"line":28,"column":5}},"12":{"start":{"line":26,"column":4},"end":{"line":26,"column":21}},"13":{"start":{"line":27,"column":4},"end":{"line":27,"column":75}},"14":{"start":{"line":49,"column":2},"end":{"line":49,"column":58}},"15":{"start":{"line":53,"column":2},"end":{"line":53,"column":22}},"16":{"start":{"line":57,"column":2},"end":{"line":57,"column":19}},"17":{"start":{"line":60,"column":0},"end":{"line":64,"column":2}}},"fnMap":{"0":{"name":"initializeAppLifecycle","decl":{"start":{"line":9,"column":9},"end":{"line":9,"column":31}},"loc":{"start":{"line":9,"column":73},"end":{"line":50,"column":1}},"line":9},"1":{"name":"(anonymous_1)","decl":{"start":{"line":18,"column":38},"end":{"line":18,"column":39}},"loc":{"start":{"line":18,"column":44},"end":{"line":22,"column":3}},"line":18},"2":{"name":"(anonymous_2)","decl":{"start":{"line":25,"column":32},"end":{"line":25,"column":33}},"loc":{"start":{"line":25,"column":38},"end":{"line":28,"column":3}},"line":25},"3":{"name":"setIsQuiting","decl":{"start":{"line":52,"column":9},"end":{"line":52,"column":21}},"loc":{"start":{"line":52,"column":29},"end":{"line":54,"column":1}},"line":52},"4":{"name":"getIsQuiting","decl":{"start":{"line":56,"column":9},"end":{"line":56,"column":21}},"loc":{"start":{"line":56,"column":24},"end":{"line":58,"column":1}},"line":56}},"branchMap":{"0":{"loc":{"start":{"line":10,"column":2},"end":{"line":12,"column":3}},"type":"if","locations":[{"start":{"line":10,"column":2},"end":{"line":12,"column":3}},{"start":{},"end":{}}],"line":10},"1":{"loc":{"start":{"line":10,"column":6},"end":{"line":10,"column":52}},"type":"binary-expr","locations":[{"start":{"line":10,"column":6},"end":{"line":10,"column":18}},{"start":{"line":10,"column":22},"end":{"line":10,"column":36}},{"start":{"line":10,"column":40},"end":{"line":10,"column":52}}],"line":10},"2":{"loc":{"start":{"line":19,"column":4},"end":{"line":21,"column":5}},"type":"if","locations":[{"start":{"line":19,"column":4},"end":{"line":21,"column":5}},{"start":{},"end":{}}],"line":19}},"s":{"0":1,"1":1,"2":1,"3":1,"4":7,"5":3,"6":4,"7":4,"8":4,"9":2,"10":1,"11":4,"12":1,"13":1,"14":4,"15":13,"16":9,"17":1},"f":{"0":7,"1":2,"2":1,"3":13,"4":9},"b":{"0":[3,4],"1":[7,6,5],"2":[1,1]},"_coverageSchema":"1a1c01bbd47fc00a2c39e90264f33305004495a9","hash":"b9a29f7d6a938d853d8f5fe9519b74b3316e9c61"}
,"D:\\Development\\NodeJS\\ai-interaction-hub\\modules\\ipcHandlers.js": {"path":"D:\\Development\\NodeJS\\ai-interaction-hub\\modules\\ipcHandlers.js","statementMap":{"0":{"start":{"line":2,"column":27},"end":{"line":2,"column":46}},"1":{"start":{"line":3,"column":13},"end":{"line":3,"column":28}},"2":{"start":{"line":7,"column":2},"end":{"line":10,"column":3}},"3":{"start":{"line":8,"column":4},"end":{"line":8,"column":69}},"4":{"start":{"line":9,"column":4},"end":{"line":9,"column":11}},"5":{"start":{"line":11,"column":2},"end":{"line":15,"column":3}},"6":{"start":{"line":14,"column":4},"end":{"line":14,"column":81}},"7":{"start":{"line":16,"column":2},"end":{"line":19,"column":3}},"8":{"start":{"line":17,"column":4},"end":{"line":17,"column":66}},"9":{"start":{"line":18,"column":4},"end":{"line":18,"column":11}},"10":{"start":{"line":22,"column":2},"end":{"line":29,"column":5}},"11":{"start":{"line":23,"column":16},"end":{"line":23,"column":58}},"12":{"start":{"line":24,"column":4},"end":{"line":28,"column":5}},"13":{"start":{"line":25,"column":6},"end":{"line":25,"column":48}},"14":{"start":{"line":27,"column":6},"end":{"line":27,"column":71}},"15":{"start":{"line":32,"column":2},"end":{"line":36,"column":5}},"16":{"start":{"line":33,"column":25},"end":{"line":33,"column":50}},"17":{"start":{"line":34,"column":4},"end":{"line":34,"column":36}},"18":{"start":{"line":35,"column":4},"end":{"line":35,"column":15}},"19":{"start":{"line":39,"column":2},"end":{"line":41,"column":5}},"20":{"start":{"line":40,"column":4},"end":{"line":40,"column":56}},"21":{"start":{"line":44,"column":2},"end":{"line":49,"column":5}},"22":{"start":{"line":45,"column":28},"end":{"line":45,"column":58}},"23":{"start":{"line":46,"column":4},"end":{"line":46,"column":43}},"24":{"start":{"line":47,"column":4},"end":{"line":47,"column":50}},"25":{"start":{"line":52,"column":2},"end":{"line":57,"column":5}},"26":{"start":{"line":53,"column":28},"end":{"line":53,"column":58}},"27":{"start":{"line":54,"column":4},"end":{"line":54,"column":43}},"28":{"start":{"line":55,"column":4},"end":{"line":55,"column":50}},"29":{"start":{"line":56,"column":4},"end":{"line":56,"column":70}},"30":{"start":{"line":60,"column":2},"end":{"line":64,"column":5}},"31":{"start":{"line":61,"column":25},"end":{"line":61,"column":50}},"32":{"start":{"line":62,"column":4},"end":{"line":62,"column":36}},"33":{"start":{"line":63,"column":4},"end":{"line":63,"column":15}},"34":{"start":{"line":68,"column":2},"end":{"line":68,"column":43}},"35":{"start":{"line":70,"column":2},"end":{"line":80,"column":5}},"36":{"start":{"line":71,"column":4},"end":{"line":79,"column":5}},"37":{"start":{"line":73,"column":22},"end":{"line":73,"column":38}},"38":{"start":{"line":74,"column":6},"end":{"line":74,"column":71}},"39":{"start":{"line":75,"column":6},"end":{"line":75,"column":21}},"40":{"start":{"line":77,"column":6},"end":{"line":77,"column":86}},"41":{"start":{"line":78,"column":6},"end":{"line":78,"column":19}},"42":{"start":{"line":84,"column":2},"end":{"line":84,"column":40}},"43":{"start":{"line":85,"column":2},"end":{"line":87,"column":5}},"44":{"start":{"line":86,"column":4},"end":{"line":86,"column":42}},"45":{"start":{"line":90,"column":2},"end":{"line":90,"column":41}},"46":{"start":{"line":91,"column":2},"end":{"line":95,"column":5}},"47":{"start":{"line":92,"column":4},"end":{"line":92,"column":43}},"48":{"start":{"line":94,"column":4},"end":{"line":94,"column":16}},"49":{"start":{"line":97,"column":2},"end":{"line":113,"column":5}},"50":{"start":{"line":98,"column":4},"end":{"line":112,"column":5}},"51":{"start":{"line":99,"column":18},"end":{"line":99,"column":60}},"52":{"start":{"line":100,"column":6},"end":{"line":109,"column":7}},"53":{"start":{"line":101,"column":20},"end":{"line":101,"column":43}},"54":{"start":{"line":102,"column":8},"end":{"line":102,"column":31}},"55":{"start":{"line":103,"column":8},"end":{"line":105,"column":11}},"56":{"start":{"line":106,"column":8},"end":{"line":106,"column":76}},"57":{"start":{"line":108,"column":8},"end":{"line":108,"column":21}},"58":{"start":{"line":111,"column":6},"end":{"line":111,"column":54}},"59":{"start":{"line":115,"column":2},"end":{"line":115,"column":50}},"60":{"start":{"line":118,"column":0},"end":{"line":120,"column":2}}},"fnMap":{"0":{"name":"initializeIpcHandlers","decl":{"start":{"line":6,"column":9},"end":{"line":6,"column":30}},"loc":{"start":{"line":6,"column":65},"end":{"line":116,"column":1}},"line":6},"1":{"name":"(anonymous_1)","decl":{"start":{"line":22,"column":27},"end":{"line":22,"column":28}},"loc":{"start":{"line":22,"column":45},"end":{"line":29,"column":3}},"line":22},"2":{"name":"(anonymous_2)","decl":{"start":{"line":32,"column":25},"end":{"line":32,"column":26}},"loc":{"start":{"line":32,"column":31},"end":{"line":36,"column":3}},"line":32},"3":{"name":"(anonymous_3)","decl":{"start":{"line":39,"column":28},"end":{"line":39,"column":29}},"loc":{"start":{"line":39,"column":34},"end":{"line":41,"column":3}},"line":39},"4":{"name":"(anonymous_4)","decl":{"start":{"line":44,"column":37},"end":{"line":44,"column":38}},"loc":{"start":{"line":44,"column":55},"end":{"line":49,"column":3}},"line":44},"5":{"name":"(anonymous_5)","decl":{"start":{"line":52,"column":37},"end":{"line":52,"column":38}},"loc":{"start":{"line":52,"column":55},"end":{"line":57,"column":3}},"line":52},"6":{"name":"(anonymous_6)","decl":{"start":{"line":60,"column":26},"end":{"line":60,"column":27}},"loc":{"start":{"line":60,"column":32},"end":{"line":64,"column":3}},"line":60},"7":{"name":"(anonymous_7)","decl":{"start":{"line":70,"column":36},"end":{"line":70,"column":37}},"loc":{"start":{"line":70,"column":42},"end":{"line":80,"column":3}},"line":70},"8":{"name":"(anonymous_8)","decl":{"start":{"line":85,"column":33},"end":{"line":85,"column":34}},"loc":{"start":{"line":85,"column":39},"end":{"line":87,"column":3}},"line":85},"9":{"name":"(anonymous_9)","decl":{"start":{"line":91,"column":34},"end":{"line":91,"column":35}},"loc":{"start":{"line":91,"column":55},"end":{"line":95,"column":3}},"line":91},"10":{"name":"(anonymous_10)","decl":{"start":{"line":97,"column":32},"end":{"line":97,"column":33}},"loc":{"start":{"line":97,"column":44},"end":{"line":113,"column":3}},"line":97}},"branchMap":{"0":{"loc":{"start":{"line":7,"column":2},"end":{"line":10,"column":3}},"type":"if","locations":[{"start":{"line":7,"column":2},"end":{"line":10,"column":3}},{"start":{},"end":{}}],"line":7},"1":{"loc":{"start":{"line":11,"column":2},"end":{"line":15,"column":3}},"type":"if","locations":[{"start":{"line":11,"column":2},"end":{"line":15,"column":3}},{"start":{},"end":{}}],"line":11},"2":{"loc":{"start":{"line":16,"column":2},"end":{"line":19,"column":3}},"type":"if","locations":[{"start":{"line":16,"column":2},"end":{"line":19,"column":3}},{"start":{},"end":{}}],"line":16},"3":{"loc":{"start":{"line":24,"column":4},"end":{"line":28,"column":5}},"type":"if","locations":[{"start":{"line":24,"column":4},"end":{"line":28,"column":5}},{"start":{"line":26,"column":11},"end":{"line":28,"column":5}}],"line":24},"4":{"loc":{"start":{"line":100,"column":6},"end":{"line":109,"column":7}},"type":"if","locations":[{"start":{"line":100,"column":6},"end":{"line":109,"column":7}},{"start":{},"end":{}}],"line":100}},"s":{"0":1,"1":1,"2":17,"3":1,"4":1,"5":16,"6":1,"7":16,"8":1,"9":1,"10":15,"11":2,"12":2,"13":1,"14":1,"15":15,"16":1,"17":1,"18":1,"19":15,"20":1,"21":15,"22":1,"23":1,"24":1,"25":15,"26":1,"27":1,"28":1,"29":1,"30":15,"31":1,"32":1,"33":1,"34":15,"35":15,"36":2,"37":2,"38":1,"39":1,"40":1,"41":1,"42":15,"43":15,"44":1,"45":15,"46":15,"47":1,"48":1,"49":15,"50":1,"51":1,"52":1,"53":1,"54":1,"55":1,"56":1,"57":1,"58":0,"59":15,"60":1},"f":{"0":17,"1":2,"2":1,"3":1,"4":1,"5":1,"6":1,"7":2,"8":1,"9":1,"10":1},"b":{"0":[1,16],"1":[1,15],"2":[1,15],"3":[1,1],"4":[1,0]},"_coverageSchema":"1a1c01bbd47fc00a2c39e90264f33305004495a9","hash":"1f7420b40085c6d2959ffcba32c84a88e2caa94b"}
,"D:\\Development\\NodeJS\\ai-interaction-hub\\modules\\settingsManager.js": {"path":"D:\\Development\\NodeJS\\ai-interaction-hub\\modules\\settingsManager.js","statementMap":{"0":{"start":{"line":2,"column":11},"end":{"line":2,"column":24}},"1":{"start":{"line":3,"column":13},"end":{"line":3,"column":28}},"2":{"start":{"line":5,"column":19},"end":{"line":5,"column":23}},"3":{"start":{"line":6,"column":18},"end":{"line":6,"column":22}},"4":{"start":{"line":10,"column":2},"end":{"line":12,"column":3}},"5":{"start":{"line":11,"column":4},"end":{"line":11,"column":104}},"6":{"start":{"line":13,"column":2},"end":{"line":13,"column":20}},"7":{"start":{"line":14,"column":2},"end":{"line":14,"column":77}},"8":{"start":{"line":15,"column":2},"end":{"line":15,"column":74}},"9":{"start":{"line":20,"column":2},"end":{"line":24,"column":3}},"10":{"start":{"line":21,"column":4},"end":{"line":21,"column":95}},"11":{"start":{"line":23,"column":4},"end":{"line":23,"column":60}},"12":{"start":{"line":25,"column":2},"end":{"line":39,"column":3}},"13":{"start":{"line":27,"column":4},"end":{"line":34,"column":5}},"14":{"start":{"line":28,"column":22},"end":{"line":28,"column":60}},"15":{"start":{"line":29,"column":6},"end":{"line":29,"column":33}},"16":{"start":{"line":32,"column":6},"end":{"line":32,"column":81}},"17":{"start":{"line":33,"column":6},"end":{"line":33,"column":62}},"18":{"start":{"line":36,"column":4},"end":{"line":36,"column":60}},"19":{"start":{"line":38,"column":4},"end":{"line":38,"column":60}},"20":{"start":{"line":44,"column":2},"end":{"line":47,"column":3}},"21":{"start":{"line":45,"column":4},"end":{"line":45,"column":95}},"22":{"start":{"line":46,"column":4},"end":{"line":46,"column":11}},"23":{"start":{"line":48,"column":2},"end":{"line":53,"column":3}},"24":{"start":{"line":49,"column":4},"end":{"line":49,"column":79}},"25":{"start":{"line":50,"column":4},"end":{"line":50,"column":53}},"26":{"start":{"line":52,"column":4},"end":{"line":52,"column":58}},"27":{"start":{"line":56,"column":0},"end":{"line":60,"column":2}}},"fnMap":{"0":{"name":"initialize","decl":{"start":{"line":9,"column":9},"end":{"line":9,"column":19}},"loc":{"start":{"line":9,"column":25},"end":{"line":16,"column":1}},"line":9},"1":{"name":"loadSettings","decl":{"start":{"line":19,"column":9},"end":{"line":19,"column":21}},"loc":{"start":{"line":19,"column":24},"end":{"line":40,"column":1}},"line":19},"2":{"name":"saveSettings","decl":{"start":{"line":43,"column":9},"end":{"line":43,"column":21}},"loc":{"start":{"line":43,"column":32},"end":{"line":54,"column":1}},"line":43}},"branchMap":{"0":{"loc":{"start":{"line":10,"column":2},"end":{"line":12,"column":3}},"type":"if","locations":[{"start":{"line":10,"column":2},"end":{"line":12,"column":3}},{"start":{},"end":{}}],"line":10},"1":{"loc":{"start":{"line":20,"column":2},"end":{"line":24,"column":3}},"type":"if","locations":[{"start":{"line":20,"column":2},"end":{"line":24,"column":3}},{"start":{},"end":{}}],"line":20},"2":{"loc":{"start":{"line":27,"column":4},"end":{"line":34,"column":5}},"type":"if","locations":[{"start":{"line":27,"column":4},"end":{"line":34,"column":5}},{"start":{"line":30,"column":11},"end":{"line":34,"column":5}}],"line":27},"3":{"loc":{"start":{"line":44,"column":2},"end":{"line":47,"column":3}},"type":"if","locations":[{"start":{"line":44,"column":2},"end":{"line":47,"column":3}},{"start":{},"end":{}}],"line":44}},"s":{"0":1,"1":1,"2":1,"3":1,"4":6,"5":1,"6":5,"7":5,"8":5,"9":3,"10":0,"11":0,"12":3,"13":3,"14":2,"15":2,"16":1,"17":1,"18":1,"19":1,"20":2,"21":0,"22":0,"23":2,"24":2,"25":2,"26":0,"27":1},"f":{"0":6,"1":3,"2":2},"b":{"0":[1,5],"1":[0,3],"2":[2,1],"3":[0,2]},"_coverageSchema":"1a1c01bbd47fc00a2c39e90264f33305004495a9","hash":"ab0a898207bd93428d34277f73c5ec422f00be2d"}
,"D:\\Development\\NodeJS\\ai-interaction-hub\\modules\\trayManager.js": {"path":"D:\\Development\\NodeJS\\ai-interaction-hub\\modules\\trayManager.js","statementMap":{"0":{"start":{"line":2,"column":23},"end":{"line":2,"column":42}},"1":{"start":{"line":3,"column":13},"end":{"line":3,"column":28}},"2":{"start":{"line":5,"column":11},"end":{"line":5,"column":15}},"3":{"start":{"line":9,"column":2},"end":{"line":11,"column":3}},"4":{"start":{"line":10,"column":4},"end":{"line":10,"column":81}},"5":{"start":{"line":13,"column":2},"end":{"line":16,"column":3}},"6":{"start":{"line":14,"column":4},"end":{"line":14,"column":81}},"7":{"start":{"line":21,"column":2},"end":{"line":27,"column":3}},"8":{"start":{"line":23,"column":4},"end":{"line":23,"column":111}},"9":{"start":{"line":26,"column":4},"end":{"line":26,"column":63}},"10":{"start":{"line":29,"column":2},"end":{"line":40,"column":3}},"11":{"start":{"line":30,"column":4},"end":{"line":30,"column":30}},"12":{"start":{"line":32,"column":4},"end":{"line":32,"column":73}},"13":{"start":{"line":34,"column":4},"end":{"line":39,"column":5}},"14":{"start":{"line":35,"column":6},"end":{"line":35,"column":79}},"15":{"start":{"line":37,"column":6},"end":{"line":37,"column":80}},"16":{"start":{"line":38,"column":6},"end":{"line":38,"column":18}},"17":{"start":{"line":42,"column":2},"end":{"line":42,"column":40}},"18":{"start":{"line":44,"column":22},"end":{"line":62,"column":4}},"19":{"start":{"line":49,"column":30},"end":{"line":49,"column":56}},"20":{"start":{"line":50,"column":8},"end":{"line":50,"column":35}},"21":{"start":{"line":57,"column":29},"end":{"line":57,"column":54}},"22":{"start":{"line":58,"column":8},"end":{"line":58,"column":40}},"23":{"start":{"line":59,"column":8},"end":{"line":59,"column":19}},"24":{"start":{"line":64,"column":2},"end":{"line":64,"column":35}},"25":{"start":{"line":66,"column":2},"end":{"line":72,"column":5}},"26":{"start":{"line":68,"column":26},"end":{"line":68,"column":52}},"27":{"start":{"line":69,"column":4},"end":{"line":69,"column":31}},"28":{"start":{"line":74,"column":2},"end":{"line":74,"column":42}},"29":{"start":{"line":75,"column":2},"end":{"line":75,"column":14}},"30":{"start":{"line":78,"column":0},"end":{"line":80,"column":2}}},"fnMap":{"0":{"name":"createTray","decl":{"start":{"line":8,"column":9},"end":{"line":8,"column":19}},"loc":{"start":{"line":8,"column":54},"end":{"line":76,"column":1}},"line":8},"1":{"name":"(anonymous_1)","decl":{"start":{"line":47,"column":13},"end":{"line":47,"column":14}},"loc":{"start":{"line":47,"column":19},"end":{"line":51,"column":7}},"line":47},"2":{"name":"(anonymous_2)","decl":{"start":{"line":55,"column":13},"end":{"line":55,"column":14}},"loc":{"start":{"line":55,"column":19},"end":{"line":60,"column":7}},"line":55},"3":{"name":"(anonymous_3)","decl":{"start":{"line":66,"column":19},"end":{"line":66,"column":20}},"loc":{"start":{"line":66,"column":25},"end":{"line":72,"column":3}},"line":66}},"branchMap":{"0":{"loc":{"start":{"line":9,"column":2},"end":{"line":11,"column":3}},"type":"if","locations":[{"start":{"line":9,"column":2},"end":{"line":11,"column":3}},{"start":{},"end":{}}],"line":9},"1":{"loc":{"start":{"line":13,"column":2},"end":{"line":16,"column":3}},"type":"if","locations":[{"start":{"line":13,"column":2},"end":{"line":16,"column":3}},{"start":{},"end":{}}],"line":13},"2":{"loc":{"start":{"line":21,"column":2},"end":{"line":27,"column":3}},"type":"if","locations":[{"start":{"line":21,"column":2},"end":{"line":27,"column":3}},{"start":{"line":24,"column":9},"end":{"line":27,"column":3}}],"line":21}},"s":{"0":1,"1":1,"2":1,"3":12,"4":1,"5":11,"6":1,"7":11,"8":1,"9":10,"10":11,"11":11,"12":2,"13":2,"14":2,"15":1,"16":1,"17":10,"18":10,"19":1,"20":1,"21":1,"22":1,"23":1,"24":10,"25":10,"26":1,"27":1,"28":10,"29":10,"30":1},"f":{"0":12,"1":1,"2":1,"3":1},"b":{"0":[1,11],"1":[1,10],"2":[1,10]},"_coverageSchema":"1a1c01bbd47fc00a2c39e90264f33305004495a9","hash":"7a7cbb3970a0d34c7efdad5c5a880c373eead6d4"}
,"D:\\Development\\NodeJS\\ai-interaction-hub\\modules\\windowManager.js": {"path":"D:\\Development\\NodeJS\\ai-interaction-hub\\modules\\windowManager.js","statementMap":{"0":{"start":{"line":2,"column":32},"end":{"line":2,"column":51}},"1":{"start":{"line":3,"column":13},"end":{"line":3,"column":28}},"2":{"start":{"line":5,"column":17},"end":{"line":5,"column":21}},"3":{"start":{"line":8,"column":2},"end":{"line":10,"column":3}},"4":{"start":{"line":9,"column":4},"end":{"line":9,"column":41}},"5":{"start":{"line":14,"column":2},"end":{"line":16,"column":3}},"6":{"start":{"line":15,"column":4},"end":{"line":15,"column":83}},"7":{"start":{"line":17,"column":21},"end":{"line":17,"column":37}},"8":{"start":{"line":18,"column":25},"end":{"line":18,"column":62}},"9":{"start":{"line":21,"column":2},"end":{"line":25,"column":3}},"10":{"start":{"line":22,"column":4},"end":{"line":22,"column":117}},"11":{"start":{"line":24,"column":4},"end":{"line":24,"column":69}},"12":{"start":{"line":27,"column":2},"end":{"line":40,"column":5}},"13":{"start":{"line":42,"column":2},"end":{"line":42,"column":65}},"14":{"start":{"line":44,"column":2},"end":{"line":48,"column":5}},"15":{"start":{"line":45,"column":28},"end":{"line":45,"column":71}},"16":{"start":{"line":46,"column":4},"end":{"line":46,"column":66}},"17":{"start":{"line":47,"column":4},"end":{"line":47,"column":40}},"18":{"start":{"line":50,"column":23},"end":{"line":131,"column":3}},"19":{"start":{"line":56,"column":23},"end":{"line":56,"column":69}},"20":{"start":{"line":63,"column":27},"end":{"line":63,"column":75}},"21":{"start":{"line":68,"column":27},"end":{"line":68,"column":81}},"22":{"start":{"line":72,"column":27},"end":{"line":72,"column":82}},"23":{"start":{"line":80,"column":23},"end":{"line":80,"column":64}},"24":{"start":{"line":104,"column":23},"end":{"line":104,"column":73}},"25":{"start":{"line":109,"column":23},"end":{"line":109,"column":74}},"26":{"start":{"line":115,"column":32},"end":{"line":115,"column":51}},"27":{"start":{"line":116,"column":12},"end":{"line":116,"column":44}},"28":{"start":{"line":127,"column":23},"end":{"line":127,"column":66}},"29":{"start":{"line":133,"column":15},"end":{"line":133,"column":51}},"30":{"start":{"line":134,"column":2},"end":{"line":134,"column":32}},"31":{"start":{"line":136,"column":2},"end":{"line":136,"column":40}},"32":{"start":{"line":137,"column":2},"end":{"line":137,"column":39}},"33":{"start":{"line":139,"column":2},"end":{"line":141,"column":5}},"34":{"start":{"line":140,"column":4},"end":{"line":140,"column":22}},"35":{"start":{"line":143,"column":2},"end":{"line":143,"column":20}},"36":{"start":{"line":147,"column":2},"end":{"line":147,"column":20}},"37":{"start":{"line":151,"column":2},"end":{"line":155,"column":3}},"38":{"start":{"line":152,"column":4},"end":{"line":152,"column":55}},"39":{"start":{"line":152,"column":34},"end":{"line":152,"column":55}},"40":{"start":{"line":153,"column":4},"end":{"line":153,"column":22}},"41":{"start":{"line":154,"column":4},"end":{"line":154,"column":23}},"42":{"start":{"line":159,"column":2},"end":{"line":159,"column":36}},"43":{"start":{"line":159,"column":18},"end":{"line":159,"column":36}},"44":{"start":{"line":162,"column":0},"end":{"line":167,"column":2}}},"fnMap":{"0":{"name":"sendCommandToRenderer","decl":{"start":{"line":7,"column":9},"end":{"line":7,"column":30}},"loc":{"start":{"line":7,"column":40},"end":{"line":11,"column":1}},"line":7},"1":{"name":"createWindow","decl":{"start":{"line":13,"column":9},"end":{"line":13,"column":21}},"loc":{"start":{"line":13,"column":37},"end":{"line":144,"column":1}},"line":13},"2":{"name":"(anonymous_2)","decl":{"start":{"line":44,"column":47},"end":{"line":44,"column":48}},"loc":{"start":{"line":44,"column":53},"end":{"line":48,"column":3}},"line":44},"3":{"name":"(anonymous_3)","decl":{"start":{"line":56,"column":17},"end":{"line":56,"column":18}},"loc":{"start":{"line":56,"column":23},"end":{"line":56,"column":69}},"line":56},"4":{"name":"(anonymous_4)","decl":{"start":{"line":63,"column":21},"end":{"line":63,"column":22}},"loc":{"start":{"line":63,"column":27},"end":{"line":63,"column":75}},"line":63},"5":{"name":"(anonymous_5)","decl":{"start":{"line":68,"column":21},"end":{"line":68,"column":22}},"loc":{"start":{"line":68,"column":27},"end":{"line":68,"column":81}},"line":68},"6":{"name":"(anonymous_6)","decl":{"start":{"line":72,"column":21},"end":{"line":72,"column":22}},"loc":{"start":{"line":72,"column":27},"end":{"line":72,"column":82}},"line":72},"7":{"name":"(anonymous_7)","decl":{"start":{"line":80,"column":17},"end":{"line":80,"column":18}},"loc":{"start":{"line":80,"column":23},"end":{"line":80,"column":64}},"line":80},"8":{"name":"(anonymous_8)","decl":{"start":{"line":104,"column":17},"end":{"line":104,"column":18}},"loc":{"start":{"line":104,"column":23},"end":{"line":104,"column":73}},"line":104},"9":{"name":"(anonymous_9)","decl":{"start":{"line":109,"column":17},"end":{"line":109,"column":18}},"loc":{"start":{"line":109,"column":23},"end":{"line":109,"column":74}},"line":109},"10":{"name":"(anonymous_10)","decl":{"start":{"line":114,"column":17},"end":{"line":114,"column":18}},"loc":{"start":{"line":114,"column":23},"end":{"line":117,"column":11}},"line":114},"11":{"name":"(anonymous_11)","decl":{"start":{"line":127,"column":17},"end":{"line":127,"column":18}},"loc":{"start":{"line":127,"column":23},"end":{"line":127,"column":66}},"line":127},"12":{"name":"(anonymous_12)","decl":{"start":{"line":139,"column":26},"end":{"line":139,"column":27}},"loc":{"start":{"line":139,"column":32},"end":{"line":141,"column":3}},"line":139},"13":{"name":"getMainWindow","decl":{"start":{"line":146,"column":9},"end":{"line":146,"column":22}},"loc":{"start":{"line":146,"column":25},"end":{"line":148,"column":1}},"line":146},"14":{"name":"showWindow","decl":{"start":{"line":150,"column":9},"end":{"line":150,"column":19}},"loc":{"start":{"line":150,"column":22},"end":{"line":156,"column":1}},"line":150},"15":{"name":"hideWindow","decl":{"start":{"line":158,"column":9},"end":{"line":158,"column":19}},"loc":{"start":{"line":158,"column":22},"end":{"line":160,"column":1}},"line":158}},"branchMap":{"0":{"loc":{"start":{"line":8,"column":2},"end":{"line":10,"column":3}},"type":"if","locations":[{"start":{"line":8,"column":2},"end":{"line":10,"column":3}},{"start":{},"end":{}}],"line":8},"1":{"loc":{"start":{"line":8,"column":6},"end":{"line":8,"column":42}},"type":"binary-expr","locations":[{"start":{"line":8,"column":6},"end":{"line":8,"column":16}},{"start":{"line":8,"column":20},"end":{"line":8,"column":42}}],"line":8},"2":{"loc":{"start":{"line":14,"column":2},"end":{"line":16,"column":3}},"type":"if","locations":[{"start":{"line":14,"column":2},"end":{"line":16,"column":3}},{"start":{},"end":{}}],"line":14},"3":{"loc":{"start":{"line":21,"column":2},"end":{"line":25,"column":3}},"type":"if","locations":[{"start":{"line":21,"column":2},"end":{"line":25,"column":3}},{"start":{"line":23,"column":9},"end":{"line":25,"column":3}}],"line":21},"4":{"loc":{"start":{"line":151,"column":2},"end":{"line":155,"column":3}},"type":"if","locations":[{"start":{"line":151,"column":2},"end":{"line":155,"column":3}},{"start":{},"end":{}}],"line":151},"5":{"loc":{"start":{"line":152,"column":4},"end":{"line":152,"column":55}},"type":"if","locations":[{"start":{"line":152,"column":4},"end":{"line":152,"column":55}},{"start":{},"end":{}}],"line":152},"6":{"loc":{"start":{"line":159,"column":2},"end":{"line":159,"column":36}},"type":"if","locations":[{"start":{"line":159,"column":2},"end":{"line":159,"column":36}},{"start":{},"end":{}}],"line":159}},"s":{"0":1,"1":1,"2":1,"3":0,"4":0,"5":17,"6":1,"7":16,"8":16,"9":16,"10":1,"11":15,"12":16,"13":16,"14":16,"15":1,"16":1,"17":1,"18":16,"19":0,"20":0,"21":0,"22":0,"23":0,"24":0,"25":0,"26":0,"27":0,"28":0,"29":16,"30":16,"31":16,"32":16,"33":16,"34":1,"35":16,"36":2,"37":3,"38":3,"39":1,"40":3,"41":3,"42":2,"43":2,"44":1},"f":{"0":0,"1":17,"2":1,"3":0,"4":0,"5":0,"6":0,"7":0,"8":0,"9":0,"10":0,"11":0,"12":1,"13":2,"14":3,"15":2},"b":{"0":[0,0],"1":[0,0],"2":[1,16],"3":[1,15],"4":[3,0],"5":[1,2],"6":[2,0]},"_coverageSchema":"1a1c01bbd47fc00a2c39e90264f33305004495a9","hash":"0305f68307970f17acd048f6830f502c4080f565"}
}
