TN:
SF:modules\appLifecycle.js
FN:9,initializeAppLifecycle
FN:18,(anonymous_1)
FN:25,(anonymous_2)
FN:52,setIsQuiting
FN:56,getIsQuiting
FNF:5
FNH:5
FNDA:7,initializeAppLifecycle
FNDA:2,(anonymous_1)
FNDA:1,(anonymous_2)
FNDA:13,setIsQuiting
FNDA:9,getIsQuiting
DA:2,1
DA:4,1
DA:5,1
DA:6,1
DA:10,7
DA:11,3
DA:13,4
DA:14,4
DA:18,4
DA:19,2
DA:20,1
DA:25,4
DA:26,1
DA:27,1
DA:49,4
DA:53,13
DA:57,9
DA:60,1
LF:18
LH:18
BRDA:10,0,0,3
BRDA:10,0,1,4
BRDA:10,1,0,7
BRDA:10,1,1,6
BRDA:10,1,2,5
BRDA:19,2,0,1
BRDA:19,2,1,1
BRF:7
BRH:7
end_of_record
TN:
SF:modules\ipcHandlers.js
FN:6,initializeIpcHandlers
FN:22,(anonymous_1)
FN:32,(anonymous_2)
FN:39,(anonymous_3)
FN:44,(anonymous_4)
FN:52,(anonymous_5)
FN:60,(anonymous_6)
FN:70,(anonymous_7)
FN:85,(anonymous_8)
FN:91,(anonymous_9)
FN:97,(anonymous_10)
FNF:11
FNH:11
FNDA:17,initializeIpcHandlers
FNDA:2,(anonymous_1)
FNDA:1,(anonymous_2)
FNDA:1,(anonymous_3)
FNDA:1,(anonymous_4)
FNDA:1,(anonymous_5)
FNDA:1,(anonymous_6)
FNDA:2,(anonymous_7)
FNDA:1,(anonymous_8)
FNDA:1,(anonymous_9)
FNDA:1,(anonymous_10)
DA:2,1
DA:3,1
DA:7,17
DA:8,1
DA:9,1
DA:11,16
DA:14,1
DA:16,16
DA:17,1
DA:18,1
DA:22,15
DA:23,2
DA:24,2
DA:25,1
DA:27,1
DA:32,15
DA:33,1
DA:34,1
DA:35,1
DA:39,15
DA:40,1
DA:44,15
DA:45,1
DA:46,1
DA:47,1
DA:52,15
DA:53,1
DA:54,1
DA:55,1
DA:56,1
DA:60,15
DA:61,1
DA:62,1
DA:63,1
DA:68,15
DA:70,15
DA:71,2
DA:73,2
DA:74,1
DA:75,1
DA:77,1
DA:78,1
DA:84,15
DA:85,15
DA:86,1
DA:90,15
DA:91,15
DA:92,1
DA:94,1
DA:97,15
DA:98,1
DA:99,1
DA:100,1
DA:101,1
DA:102,1
DA:103,1
DA:106,1
DA:108,1
DA:111,0
DA:115,15
DA:118,1
LF:61
LH:60
BRDA:7,0,0,1
BRDA:7,0,1,16
BRDA:11,1,0,1
BRDA:11,1,1,15
BRDA:16,2,0,1
BRDA:16,2,1,15
BRDA:24,3,0,1
BRDA:24,3,1,1
BRDA:100,4,0,1
BRDA:100,4,1,0
BRF:10
BRH:9
end_of_record
TN:
SF:modules\settingsManager.js
FN:9,initialize
FN:19,loadSettings
FN:43,saveSettings
FNF:3
FNH:3
FNDA:6,initialize
FNDA:3,loadSettings
FNDA:2,saveSettings
DA:2,1
DA:3,1
DA:5,1
DA:6,1
DA:10,6
DA:11,1
DA:13,5
DA:14,5
DA:15,5
DA:20,3
DA:21,0
DA:23,0
DA:25,3
DA:27,3
DA:28,2
DA:29,2
DA:32,1
DA:33,1
DA:36,1
DA:38,1
DA:44,2
DA:45,0
DA:46,0
DA:48,2
DA:49,2
DA:50,2
DA:52,0
DA:56,1
LF:28
LH:23
BRDA:10,0,0,1
BRDA:10,0,1,5
BRDA:20,1,0,0
BRDA:20,1,1,3
BRDA:27,2,0,2
BRDA:27,2,1,1
BRDA:44,3,0,0
BRDA:44,3,1,2
BRF:8
BRH:6
end_of_record
TN:
SF:modules\trayManager.js
FN:8,createTray
FN:47,(anonymous_1)
FN:55,(anonymous_2)
FN:66,(anonymous_3)
FNF:4
FNH:4
FNDA:12,createTray
FNDA:1,(anonymous_1)
FNDA:1,(anonymous_2)
FNDA:1,(anonymous_3)
DA:2,1
DA:3,1
DA:5,1
DA:9,12
DA:10,1
DA:13,11
DA:14,1
DA:21,11
DA:23,1
DA:26,10
DA:29,11
DA:30,11
DA:32,2
DA:34,2
DA:35,2
DA:37,1
DA:38,1
DA:42,10
DA:44,10
DA:49,1
DA:50,1
DA:57,1
DA:58,1
DA:59,1
DA:64,10
DA:66,10
DA:68,1
DA:69,1
DA:74,10
DA:75,10
DA:78,1
LF:31
LH:31
BRDA:9,0,0,1
BRDA:9,0,1,11
BRDA:13,1,0,1
BRDA:13,1,1,10
BRDA:21,2,0,1
BRDA:21,2,1,10
BRF:6
BRH:6
end_of_record
TN:
SF:modules\windowManager.js
FN:7,sendCommandToRenderer
FN:13,createWindow
FN:44,(anonymous_2)
FN:56,(anonymous_3)
FN:63,(anonymous_4)
FN:68,(anonymous_5)
FN:72,(anonymous_6)
FN:80,(anonymous_7)
FN:104,(anonymous_8)
FN:109,(anonymous_9)
FN:114,(anonymous_10)
FN:127,(anonymous_11)
FN:139,(anonymous_12)
FN:146,getMainWindow
FN:150,showWindow
FN:158,hideWindow
FNF:16
FNH:6
FNDA:0,sendCommandToRenderer
FNDA:17,createWindow
FNDA:1,(anonymous_2)
FNDA:0,(anonymous_3)
FNDA:0,(anonymous_4)
FNDA:0,(anonymous_5)
FNDA:0,(anonymous_6)
FNDA:0,(anonymous_7)
FNDA:0,(anonymous_8)
FNDA:0,(anonymous_9)
FNDA:0,(anonymous_10)
FNDA:0,(anonymous_11)
FNDA:1,(anonymous_12)
FNDA:2,getMainWindow
FNDA:3,showWindow
FNDA:2,hideWindow
DA:2,1
DA:3,1
DA:5,1
DA:8,0
DA:9,0
DA:14,17
DA:15,1
DA:17,16
DA:18,16
DA:21,16
DA:22,1
DA:24,15
DA:27,16
DA:42,16
DA:44,16
DA:45,1
DA:46,1
DA:47,1
DA:50,16
DA:56,0
DA:63,0
DA:68,0
DA:72,0
DA:80,0
DA:104,0
DA:109,0
DA:115,0
DA:116,0
DA:127,0
DA:133,16
DA:134,16
DA:136,16
DA:137,16
DA:139,16
DA:140,1
DA:143,16
DA:147,2
DA:151,3
DA:152,3
DA:153,3
DA:154,3
DA:159,2
DA:162,1
LF:43
LH:31
BRDA:8,0,0,0
BRDA:8,0,1,0
BRDA:8,1,0,0
BRDA:8,1,1,0
BRDA:14,2,0,1
BRDA:14,2,1,16
BRDA:21,3,0,1
BRDA:21,3,1,15
BRDA:151,4,0,3
BRDA:151,4,1,0
BRDA:152,5,0,1
BRDA:152,5,1,2
BRDA:159,6,0,2
BRDA:159,6,1,0
BRF:14
BRH:8
end_of_record
